============================= test session starts =============================
platform win32 -- Python 3.12.4, pytest-8.3.3, pluggy-1.6.0 -- D:\anaconda\python.exe
cachedir: .pytest_cache
rootdir: D:\AIOCR\visual_model
configfile: pytest.ini
plugins: asyncio-1.2.0, cov-4.1.0, mock-3.12.0, anyio-4.2.0
asyncio: mode=Mode.AUTO, debug=False, asyncio_default_fixture_loop_scope=function, asyncio_default_test_loop_scope=function
collecting ... collected 23 items

tests/test_full_integration.py::TestOCRFow::test_ocr_service_initialization PASSED [  4%]
tests/test_full_integration.py::TestOCRFow::test_ocr_text_recognition_with_sample_image PASSED [  8%]
tests/test_full_integration.py::TestOCRFow::test_ocr_timeout_handling PASSED [ 13%]
tests/test_full_integration.py::TestOCRFow::test_ocr_invalid_image_handling PASSED [ 17%]
tests/test_full_integration.py::TestRAGFlow::test_rag_health_check PASSED [ 21%]
tests/test_full_integration.py::TestRAGFlow::test_rag_certificate_score_calculation PASSED [ 26%]
tests/test_full_integration.py::TestRAGFlow::test_rag_unavailable_fallback PASSED [ 30%]
tests/test_full_integration.py::TestRAGFlow::test_rag_timeout_handling PASSED [ 34%]
tests/test_full_integration.py::TestRAGFlow::test_rag_empty_response_handling PASSED [ 39%]
tests/test_full_integration.py::TestLLMScoringFlow::test_class_a_certificate_scoring PASSED [ 43%]
tests/test_full_integration.py::TestLLMScoringFlow::test_class_c_certificate_scoring PASSED [ 47%]
tests/test_full_integration.py::TestLLMScoringFlow::test_boundary_score_values PASSED [ 52%]
tests/test_full_integration.py::TestLLMScoringFlow::test_scoring_consistency PASSED [ 56%]
tests/test_full_integration.py::TestComprehensiveScoreFlow::test_create_new_comprehensive_score FAILED [ 60%]
tests/test_full_integration.py::TestComprehensiveScoreFlow::test_update_existing_comprehensive_score FAILED [ 65%]
tests/test_full_integration.py::TestComprehensiveScoreFlow::test_concurrent_score_updates FAILED [ 69%]
tests/test_full_integration.py::TestEndToEndCertificateFlow::test_complete_upload_flow_with_real_api PASSED [ 73%]
tests/test_full_integration.py::TestEndToEndCertificateFlow::test_multiple_certificates_batch_upload PASSED [ 78%]
tests/test_full_integration.py::TestEndToEndCertificateFlow::test_error_recovery_during_upload PASSED [ 82%]
tests/test_full_integration.py::TestEndToEndCertificateFlow::test_timeout_during_long_running_operation PASSED [ 86%]
tests/test_full_integration.py::TestSystemIntegration::test_full_system_response_time PASSED [ 91%]
tests/test_full_integration.py::TestSystemIntegration::test_resource_cleanup_after_operations PASSED [ 95%]
tests/test_full_integration.py::TestSystemIntegration::test_database_connection_pool_stability PASSED [100%]

================================== FAILURES ===================================
C:\Users\Lenovo\AppData\Roaming\Python\Python312\site-packages\tortoise\backends\sqlite\client.py:45: tortoise.exceptions.OperationalError: table comprehensive_scores has no column named student_name
C:\Users\Lenovo\AppData\Roaming\Python\Python312\site-packages\tortoise\backends\sqlite\client.py:45: tortoise.exceptions.OperationalError: table comprehensive_scores has no column named student_name
D:\AIOCR\visual_model\tests\test_full_integration.py:815: AssertionError: 最终成绩记录应存在
============================ slowest 10 durations =============================
36.27s call     tests/test_full_integration.py::TestSystemIntegration::test_resource_cleanup_after_operations
12.68s setup    tests/test_full_integration.py::TestOCRFow::test_ocr_service_initialization
11.58s call     tests/test_full_integration.py::TestLLMScoringFlow::test_boundary_score_values
11.55s call     tests/test_full_integration.py::TestLLMScoringFlow::test_class_c_certificate_scoring
11.23s call     tests/test_full_integration.py::TestLLMScoringFlow::test_class_a_certificate_scoring
10.45s call     tests/test_full_integration.py::TestLLMScoringFlow::test_scoring_consistency
8.55s call     tests/test_full_integration.py::TestRAGFlow::test_rag_certificate_score_calculation
7.32s teardown tests/test_full_integration.py::TestEndToEndCertificateFlow::test_multiple_certificates_batch_upload
7.12s teardown tests/test_full_integration.py::TestEndToEndCertificateFlow::test_timeout_during_long_running_operation
5.32s teardown tests/test_full_integration.py::TestLLMScoringFlow::test_boundary_score_values
=========================== short test summary info ===========================
FAILED tests/test_full_integration.py::TestComprehensiveScoreFlow::test_create_new_comprehensive_score
FAILED tests/test_full_integration.py::TestComprehensiveScoreFlow::test_update_existing_comprehensive_score
FAILED tests/test_full_integration.py::TestComprehensiveScoreFlow::test_concurrent_score_updates
================== 3 failed, 20 passed in 258.99s (0:04:18) ===================
