<?xml version="1.0" encoding="utf-8"?><testsuites><testsuite name="pytest" errors="0" failures="0" skipped="2" tests="290" time="1174.486" timestamp="2026-03-08T14:53:21.711331+08:00" hostname="LAPTOP-AFOF0QNR"><testcase classname="tests.test_admin_api.TestAdminUsers" name="test_get_users_list" time="7.393" /><testcase classname="tests.test_admin_api.TestAdminUsers" name="test_create_user" time="5.691" /><testcase classname="tests.test_admin_api.TestAdminUsers" name="test_update_user" time="5.720" /><testcase classname="tests.test_admin_api.TestAdminUsers" name="test_delete_user" time="5.691" /><testcase classname="tests.test_admin_api.TestAdminUsers" name="test_toggle_user_status" time="5.698" /><testcase classname="tests.test_admin_api.TestAdminClasses" name="test_get_classes_list" time="5.661" /><testcase classname="tests.test_admin_api.TestAdminClasses" name="test_create_class" time="5.757" /><testcase classname="tests.test_admin_api.TestAdminSystem" name="test_get_system_info" time="5.715" /><testcase classname="tests.test_admin_api.TestAdminSystem" name="test_get_system_stats" time="5.763" /><testcase classname="tests.test_admin_api.TestAdminDataImport" name="test_import_students" time="5.790" /><testcase classname="tests.test_admin_api.TestAdminDataImport" name="test_import_scores" time="5.798" /><testcase classname="tests.test_admin_api.TestAdminLogs" name="test_get_operation_logs" time="5.762" /><testcase classname="tests.test_admin_api.TestAdminLogs" name="test_get_login_logs" time="5.797" /><testcase classname="tests.test_admin_api.TestAdminRules" name="test_get_rules" time="5.724" /><testcase classname="tests.test_admin_api.TestAdminRules" name="test_update_rule" time="5.721" /><testcase classname="tests.test_ai_api.TestAIChat" name="test_chat_success" time="5.760" /><testcase classname="tests.test_ai_api.TestAIChat" name="test_chat_with_history" time="5.725" /><testcase classname="tests.test_ai_api.TestAIChat" name="test_chat_empty_message" time="5.766" /><testcase classname="tests.test_ai_api.TestAIChat" name="test_chat_no_auth" time="5.793" /><testcase classname="tests.test_ai_api.TestAIAssistantMessage" name="test_assistant_message_success" time="5.759" /><testcase classname="tests.test_ai_api.TestAIAssistantMessage" name="test_assistant_message_with_context" time="5.731" /><testcase classname="tests.test_ai_api.TestAISuggestions" name="test_get_suggestions" time="5.752" /><testcase classname="tests.test_ai_api.TestAIChatStream" name="test_chat_stream" time="5.782" /><testcase classname="tests.test_ai_api.TestAIHistory" name="test_get_history" time="5.744" /><testcase classname="tests.test_ai_api.TestAIHistory" name="test_clear_history" time="5.742" /><testcase classname="tests.test_api_utils.TestHandleApiErrors" name="test_success_execution" time="0.006" /><testcase classname="tests.test_api_utils.TestHandleApiErrors" name="test_http_exception_passthrough" time="0.007" /><testcase classname="tests.test_api_utils.TestHandleApiErrors" name="test_value_error_conversion" time="0.007" /><testcase classname="tests.test_api_utils.TestHandleApiErrors" name="test_generic_exception_conversion" time="0.010" /><testcase classname="tests.test_api_utils.TestApiResponse" name="test_dict_response" time="0.005" /><testcase classname="tests.test_api_utils.TestApiResponse" name="test_list_response" time="0.004" /><testcase classname="tests.test_api_utils.TestApiResponse" name="test_none_response" time="0.004" /><testcase classname="tests.test_api_utils.TestApiResponse" name="test_already_formatted_response" time="0.005" /><testcase classname="tests.test_api_utils.TestValidatePagination" name="test_valid_pagination" time="0.004" /><testcase classname="tests.test_api_utils.TestValidatePagination" name="test_invalid_page" time="0.006" /><testcase classname="tests.test_api_utils.TestValidatePagination" name="test_invalid_page_size" time="0.005" /><testcase classname="tests.test_api_utils.TestValidatePagination" name="test_page_size_exceeds_max" time="0.004" /><testcase classname="tests.test_api_utils.TestValidateId" name="test_valid_id" time="0.005" /><testcase classname="tests.test_api_utils.TestValidateId" name="test_empty_id" time="0.004" /><testcase classname="tests.test_api_utils.TestValidateId" name="test_whitespace_id" time="0.004" /><testcase classname="tests.test_api_utils.TestValidateId" name="test_numeric_id_conversion" time="0.004" /><testcase classname="tests.test_api_utils.TestValidateRequired" name="test_valid_value" time="0.004" /><testcase classname="tests.test_api_utils.TestValidateRequired" name="test_none_value" time="0.003" /><testcase classname="tests.test_api_utils.TestValidateRequired" name="test_empty_string" time="0.003" /><testcase classname="tests.test_api_utils.TestValidateRequired" name="test_whitespace_string" time="0.004" /><testcase classname="tests.test_api_utils.TestValidateLength" name="test_valid_length" time="0.004" /><testcase classname="tests.test_api_utils.TestValidateLength" name="test_too_short" time="0.004" /><testcase classname="tests.test_api_utils.TestValidateLength" name="test_too_long" time="0.003" /><testcase classname="tests.test_api_utils.TestValidateRange" name="test_valid_range" time="0.004" /><testcase classname="tests.test_api_utils.TestValidateRange" name="test_below_min" time="0.003" /><testcase classname="tests.test_api_utils.TestValidateRange" name="test_above_max" time="0.003" /><testcase classname="tests.test_api_utils.TestValidateInList" name="test_valid_value" time="0.003" /><testcase classname="tests.test_api_utils.TestValidateInList" name="test_invalid_value" time="0.003" /><testcase classname="tests.test_api_utils.TestPaginationHelper" name="test_offset_calculation" time="0.003" /><testcase classname="tests.test_api_utils.TestPaginationHelper" name="test_paged_result" time="0.003" /><testcase classname="tests.test_api_utils.TestRequestContext" name="test_request_id_generation" time="0.004" /><testcase classname="tests.test_api_utils.TestRequestContext" name="test_elapsed_ms" time="0.014" /><testcase classname="tests.test_api_utils.TestGenerateRequestId" name="test_unique_ids" time="0.006" /><testcase classname="tests.test_api_utils.TestGenerateRequestId" name="test_format" time="0.005" /><testcase classname="tests.test_auth_api.TestAuthRegister" name="test_register_new_user" time="5.642" /><testcase classname="tests.test_auth_api.TestAuthRegister" name="test_register_duplicate_username" time="5.680" /><testcase classname="tests.test_auth_api.TestAuthRegister" name="test_register_invalid_email" time="5.719" /><testcase classname="tests.test_auth_api.TestAuthRegister" name="test_register_weak_password" time="5.708" /><testcase classname="tests.test_auth_api.TestAuthLogin" name="test_login_success" time="5.735" /><testcase classname="tests.test_auth_api.TestAuthLogin" name="test_login_wrong_password" time="5.802" /><testcase classname="tests.test_auth_api.TestAuthLogin" name="test_login_nonexistent_user" time="5.784" /><testcase classname="tests.test_auth_api.TestAuthLogin" name="test_login_missing_fields" time="5.767" /><testcase classname="tests.test_auth_api.TestAuthMe" name="test_get_current_user_success" time="5.726" /><testcase classname="tests.test_auth_api.TestAuthMe" name="test_get_current_user_no_token" time="5.703" /><testcase classname="tests.test_auth_api.TestAuthMe" name="test_get_current_user_invalid_token" time="5.760" /><testcase classname="tests.test_auth_api.TestPasswordReset" name="test_request_password_reset" time="5.827" /><testcase classname="tests.test_auth_api.TestAuthLogout" name="test_logout_success" time="5.810" /><testcase classname="tests.test_certificate_advanced.TestBatchPhotoUpload" name="test_upload_3_photos_batch_success" time="5.774" /><testcase classname="tests.test_certificate_advanced.TestBatchPhotoUpload" name="test_upload_5_photos_batch_success" time="6.333" /><testcase classname="tests.test_certificate_advanced.TestMultiScenarioCompatibility" name="test_low_resolution_photo_upload" time="5.746" /><testcase classname="tests.test_certificate_advanced.TestMultiScenarioCompatibility" name="test_medium_resolution_photo_upload" time="5.714" /><testcase classname="tests.test_certificate_advanced.TestMultiScenarioCompatibility" name="test_high_resolution_photo_upload" time="5.749" /><testcase classname="tests.test_certificate_advanced.TestMultiScenarioCompatibility" name="test_blur_photo_upload" time="5.772" /><testcase classname="tests.test_certificate_advanced.TestMultiScenarioCompatibility" name="test_clear_photo_upload" time="5.771" /><testcase classname="tests.test_certificate_advanced.TestDataQueryVerification" name="test_get_certificate_list" time="5.680" /><testcase classname="tests.test_certificate_advanced.TestDataQueryVerification" name="test_get_certificate_detail_with_ocr" time="5.788" /><testcase classname="tests.test_certificate_advanced.TestCleanupAndResourceManagement" name="test_certificate_test_cleanup" time="5.772" /><testcase classname="tests.test_certificate_advanced.TestReportAndDocumentation" name="test_full_test_suite_execution" time="0.008" /><testcase classname="tests.test_certificate_api.TestSinglePhotoUpload" name="test_upload_jpg_single_photo_success" time="5.764" /><testcase classname="tests.test_certificate_api.TestSinglePhotoUpload" name="test_upload_png_single_photo_success" time="5.748" /><testcase classname="tests.test_certificate_api.TestCertificateUpload" name="test_upload_certificate_success" time="5.788" /><testcase classname="tests.test_certificate_api.TestCertificateUpload" name="test_upload_certificate_no_auth" time="5.739" /><testcase classname="tests.test_certificate_api.TestCertificateUpload" name="test_upload_certificate_invalid_type" time="5.720" /><testcase classname="tests.test_certificate_api.TestCertificateUpload" name="test_upload_certificate_missing_file" time="5.847" /><testcase classname="tests.test_certificate_api.TestCertificateQuery" name="test_get_student_certificates_success" time="5.765" /><testcase classname="tests.test_certificate_api.TestCertificateQuery" name="test_get_certificate_by_id_success" time="5.777" /><testcase classname="tests.test_certificate_api.TestCertificateQuery" name="test_get_certificate_not_found" time="5.760" /><testcase classname="tests.test_certificate_api.TestCertificateQuery" name="test_get_certificates_by_status" time="5.785" /><testcase classname="tests.test_certificate_api.TestCertificateAudit" name="test_approve_certificate_success" time="5.836" /><testcase classname="tests.test_certificate_api.TestCertificateAudit" name="test_reject_certificate_success" time="5.709" /><testcase classname="tests.test_certificate_api.TestCertificateAudit" name="test_audit_certificate_no_permission" time="5.699" /><testcase classname="tests.test_certificate_api.TestCertificateDelete" name="test_delete_certificate_success" time="5.696" /><testcase classname="tests.test_certificate_api.TestCertificateDelete" name="test_delete_certificate_not_owner" time="5.668" /><testcase classname="tests.test_certificate_api.TestCertificateOCR" name="test_ocr_certificate_success" time="5.655" /><testcase classname="tests.test_certificate_api.TestCertificateOCR" name="test_ocr_certificate_invalid_image" time="5.693" /><testcase classname="tests.test_certificate_api.TestCertificateBoundary" name="test_upload_large_file" time="5.687" /><testcase classname="tests.test_certificate_api.TestCertificateBoundary" name="test_upload_empty_file" time="5.793" /><testcase classname="tests.test_certificate_api.TestCertificateBoundary" name="test_query_with_pagination" time="5.731" /><testcase classname="tests.test_certificate_api.TestCertificateBoundary" name="test_query_with_invalid_pagination" time="5.716" /><testcase classname="tests.test_certificate_api.TestCertificateBoundary" name="test_upload_with_special_characters" time="5.768" /><testcase classname="tests.test_certificate_api.TestCertificateOCRProcessing" name="test_ocr_processing_trigger" time="10.698" /><testcase classname="tests.test_certificate_api.TestCertificateOCRProcessing" name="test_ocr_processed_flag" time="10.501" /><testcase classname="tests.test_certificate_api.TestCertificateOCRProcessing" name="test_ocr_text_content" time="10.443" /><testcase classname="tests.test_certificate_api.TestCertificateOCRProcessing" name="test_ocr_result_json" time="10.463" /><testcase classname="tests.test_certificate_api.TestCertificateOCRProcessing" name="test_certificate_raw_text" time="10.499" /><testcase classname="tests.test_certificate_api.TestCertificateOCRProcessing" name="test_certificate_ocr_result" time="10.540" /><testcase classname="tests.test_certificate_api.TestCertificateOCRProcessing" name="test_certificate_info_structured" time="10.398" /><testcase classname="tests.test_certificate_api.TestCertificateOCRProcessing" name="test_certificate_basic_fields" time="10.465" /><testcase classname="tests.test_comprehensive_flow.TestComprehensiveFlow" name="test_01_upload_score_sheet" time="0.871" /><testcase classname="tests.test_comprehensive_flow.TestComprehensiveFlow" name="test_02_upload_comprehensive_table" time="1.398" /><testcase classname="tests.test_comprehensive_flow.TestComprehensiveFlow" name="test_03_upload_certificate_photos" time="2.160" /><testcase classname="tests.test_comprehensive_flow.TestComprehensiveFlow" name="test_04_calculate_comprehensive_score" time="0.711" /><testcase classname="tests.test_comprehensive_flow.TestComprehensiveFlow" name="test_05_get_student_scores" time="0.332" /><testcase classname="tests.test_comprehensive_flow.TestComprehensiveFlow" name="test_06_get_class_ranking" time="0.746" /><testcase classname="tests.test_comprehensive_flow.TestComprehensiveFlow" name="test_07_download_result_file" time="0.724" /><testcase classname="tests.test_comprehensive_flow.TestComprehensiveFlow" name="test_08_verify_weight_calculation" time="0.713" /><testcase classname="tests.test_comprehensive_flow.TestComprehensiveFlow" name="test_09_error_handling_invalid_file" time="0.762" /><testcase classname="tests.test_comprehensive_flow.TestComprehensiveFlow" name="test_10_permission_check" time="0.662" /><testcase classname="tests.test_comprehensive_score_api.TestComprehensiveScoreCalculate" name="test_calculate_student_score_success" time="5.649" /><testcase classname="tests.test_comprehensive_score_api.TestComprehensiveScoreCalculate" name="test_calculate_student_score_invalid_student" time="5.652" /><testcase classname="tests.test_comprehensive_score_api.TestComprehensiveScoreCalculate" name="test_calculate_student_score_missing_params" time="5.680" /><testcase classname="tests.test_comprehensive_score_api.TestComprehensiveScoreCalculate" name="test_calculate_class_scores_success" time="5.717" /><testcase classname="tests.test_comprehensive_score_api.TestComprehensiveScoreQuery" name="test_get_student_score_success" time="5.704" /><testcase classname="tests.test_comprehensive_score_api.TestComprehensiveScoreQuery" name="test_get_student_score_not_found" time="5.735" /><testcase classname="tests.test_comprehensive_score_api.TestComprehensiveScoreQuery" name="test_get_class_ranking_success" time="5.762" /><testcase classname="tests.test_comprehensive_score_api.TestComprehensiveScoreQuery" name="test_get_class_stats_success" time="5.670" /><testcase classname="tests.test_comprehensive_score_api.TestScoreDetail" name="test_add_score_detail_success" time="5.657" /><testcase classname="tests.test_comprehensive_score_api.TestScoreDetail" name="test_add_score_detail_invalid_category" time="5.716" /><testcase classname="tests.test_comprehensive_score_api.TestScoreDetail" name="test_delete_score_detail_success" time="5.729" /><testcase classname="tests.test_comprehensive_score_api.TestComprehensiveScoreConfig" name="test_list_configs_success" time="5.723" /><testcase classname="tests.test_comprehensive_score_api.TestComprehensiveScoreConfig" name="test_create_config_success" time="5.700" /><testcase classname="tests.test_comprehensive_score_api.TestComprehensiveScoreConfig" name="test_create_config_invalid_weight" time="5.728" /><testcase classname="tests.test_comprehensive_score_api.TestComprehensiveScoreConfig" name="test_update_config_success" time="5.642" /><testcase classname="tests.test_comprehensive_score_api.TestClassList" name="test_list_classes_success" time="5.690" /><testcase classname="tests.test_comprehensive_score_api.TestComprehensiveScoreBoundary" name="test_calculate_with_zero_score" time="5.717" /><testcase classname="tests.test_comprehensive_score_api.TestComprehensiveScoreBoundary" name="test_calculate_with_negative_score" time="5.712" /><testcase classname="tests.test_comprehensive_score_api.TestComprehensiveScoreBoundary" name="test_calculate_with_max_score" time="5.707" /><testcase classname="tests.test_comprehensive_score_api.TestComprehensiveScoreBoundary" name="test_query_with_invalid_semester" time="5.822" /><testcase classname="tests.test_comprehensive_score_api.TestComprehensiveScoreBoundary" name="test_query_with_invalid_year_format" time="5.701" /><testcase classname="tests.test_database_models.TestStudentModel" name="test_create_student" time="0.053" /><testcase classname="tests.test_database_models.TestStudentModel" name="test_read_student" time="0.054" /><testcase classname="tests.test_database_models.TestStudentModel" name="test_update_student" time="0.046" /><testcase classname="tests.test_database_models.TestStudentModel" name="test_delete_student" time="0.049" /><testcase classname="tests.test_database_models.TestAcademicScoreModel" name="test_create_academic_score" time="0.044" /><testcase classname="tests.test_database_models.TestAcademicScoreModel" name="test_academic_score_prefetch_student" time="0.050" /><testcase classname="tests.test_database_models.TestComprehensiveScoreModel" name="test_create_comprehensive_score" time="0.049" /><testcase classname="tests.test_database_models.TestComprehensiveScoreModel" name="test_comprehensive_score_fields" time="0.047" /><testcase classname="tests.test_database_models.TestComprehensiveScoreModel" name="test_comprehensive_score_prefetch_student" time="0.047" /><testcase classname="tests.test_database_models.TestCertificateModel" name="test_create_certificate" time="0.050" /><testcase classname="tests.test_database_models.TestCertificateModel" name="test_certificate_prefetch_student" time="0.048" /><testcase classname="tests.test_database_models.TestCertificateImageModel" name="test_create_certificate_image" time="0.051" /><testcase classname="tests.test_database_models.TestCertificateImageModel" name="test_certificate_image_prefetch_relations" time="0.053" /><testcase classname="tests.test_database_models.TestClassStudentModel" name="test_create_class_student" time="0.051" /><testcase classname="tests.test_database_models.TestClassStudentModel" name="test_class_student_unique_constraint" time="0.051" /><testcase classname="tests.test_database_models.TestUserModel" name="test_create_user" time="0.416" /><testcase classname="tests.test_database_models.TestUserModel" name="test_user_unique_username" time="0.800" /><testcase classname="tests.test_database_models.TestUserModel" name="test_user_email_can_be_empty_string" time="0.434" /><testcase classname="tests.test_database_models.TestIntegration" name="test_student_scores_relation" time="0.047" /><testcase classname="tests.test_database_models.TestIntegration" name="test_certificate_full_flow" time="0.051" /><testcase classname="tests.test_database_models.TestIntegration" name="test_comprehensive_score_calculation" time="0.044" /><testcase classname="tests.test_database_models.TestModelConsistency" name="test_all_models_have_created_at" time="0.045" /><testcase classname="tests.test_database_models.TestModelConsistency" name="test_foreign_key_cascade" time="0.049" /><testcase classname="tests.test_e2e.TestAuthFlow" name="test_complete_login_flow" time="5.702" /><testcase classname="tests.test_e2e.TestAuthFlow" name="test_token_validation" time="5.729" /><testcase classname="tests.test_e2e.TestStudentFlow" name="test_student_score_query_flow" time="5.694" /><testcase classname="tests.test_e2e.TestStudentFlow" name="test_student_upload_history" time="5.743" /><testcase classname="tests.test_e2e.TestTeacherFlow" name="test_teacher_class_management" time="5.710" /><testcase classname="tests.test_e2e.TestTeacherFlow" name="test_teacher_student_list" time="5.746" /><testcase classname="tests.test_e2e.TestComprehensiveScoreFlow" name="test_comprehensive_score_config_flow" time="5.728" /><testcase classname="tests.test_e2e.TestComprehensiveScoreFlow" name="test_class_ranking_flow" time="5.681" /><testcase classname="tests.test_e2e.TestAIAssistantFlow" name="test_ai_chat_flow" time="5.641" /><testcase classname="tests.test_e2e.TestAIAssistantFlow" name="test_ai_suggestions_flow" time="5.683" /><testcase classname="tests.test_e2e.TestAPIResponseFormat" name="test_success_response_format" time="5.701" /><testcase classname="tests.test_e2e.TestAPIResponseFormat" name="test_error_response_format" time="5.739" /><testcase classname="tests.test_e2e.TestPermissionControl" name="test_student_cannot_access_admin_api" time="5.752" /><testcase classname="tests.test_e2e.TestPermissionControl" name="test_teacher_cannot_access_admin_api" time="5.752" /><testcase classname="tests.test_e2e.TestDataConsistency" name="test_score_calculation_consistency" time="5.711" /><testcase classname="tests.test_file_api.TestFileUpload" name="test_upload_file_success" time="5.729" /><testcase classname="tests.test_file_api.TestFileUpload" name="test_upload_image_file" time="5.669" /><testcase classname="tests.test_file_api.TestFileUpload" name="test_upload_excel_file" time="5.722" /><testcase classname="tests.test_file_api.TestFileUpload" name="test_upload_file_no_auth" time="5.713" /><testcase classname="tests.test_file_api.TestChunkUpload" name="test_init_chunk_upload" time="5.638" /><testcase classname="tests.test_file_api.TestChunkUpload" name="test_upload_chunk" time="5.683" /><testcase classname="tests.test_file_api.TestChunkUpload" name="test_complete_chunk_upload" time="5.666" /><testcase classname="tests.test_file_api.TestChunkUpload" name="test_cancel_chunk_upload" time="5.685" /><testcase classname="tests.test_file_api.TestFileDownload" name="test_download_file_success" time="5.699" /><testcase classname="tests.test_file_api.TestFileDownload" name="test_download_file_no_auth" time="5.701" /><testcase classname="tests.test_file_api.TestFileDownload" name="test_download_file_not_found" time="5.735" /><testcase classname="tests.test_file_api.TestFileMetadata" name="test_get_file_info_success" time="5.760" /><testcase classname="tests.test_file_api.TestFileMetadata" name="test_list_user_files" time="5.743" /><testcase classname="tests.test_file_api.TestFileMetadata" name="test_list_files_by_type" time="5.750" /><testcase classname="tests.test_file_api.TestFileDelete" name="test_delete_file_success" time="5.713" /><testcase classname="tests.test_file_api.TestFileDelete" name="test_delete_file_not_owner" time="5.707" /><testcase classname="tests.test_file_api.TestFilePermission" name="test_check_file_permission" time="5.675" /><testcase classname="tests.test_file_api.TestFilePermission" name="test_share_file" time="5.654" /><testcase classname="tests.test_file_api.TestFileBoundary" name="test_upload_empty_file" time="5.687" /><testcase classname="tests.test_file_api.TestFileBoundary" name="test_upload_file_with_long_name" time="5.747" /><testcase classname="tests.test_file_api.TestFileBoundary" name="test_list_files_with_pagination" time="5.764" /><testcase classname="tests.test_file_api.TestFileBoundary" name="test_upload_file_unsupported_type" time="5.692" /><testcase classname="tests.test_file_api.TestFileBoundary" name="test_chunk_upload_with_invalid_hash" time="5.674" /><testcase classname="tests.test_middleware_api.TestRequestLogging" name="test_request_has_request_id" time="5.722" /><testcase classname="tests.test_middleware_api.TestRequestLogging" name="test_request_has_process_time" time="5.714" /><testcase classname="tests.test_middleware_api.TestRequestLogging" name="test_multiple_requests_unique_ids" time="5.702" /><testcase classname="tests.test_middleware_api.TestPerformanceMonitor" name="test_response_time_header" time="5.663" /><testcase classname="tests.test_middleware_api.TestPerformanceMonitor" name="test_stats_endpoint" time="5.666" /><testcase classname="tests.test_middleware_api.TestPerformanceMonitor" name="test_health_endpoint" time="5.660" /><testcase classname="tests.test_middleware_api.TestRateLimit" name="test_normal_request_not_limited" time="5.728" /><testcase classname="tests.test_middleware_api.TestRateLimit" name="test_rate_limit_headers" time="5.765" /><testcase classname="tests.test_middleware_api.TestExceptionHandling" name="test_404_error_format" time="5.614" /><testcase classname="tests.test_middleware_api.TestExceptionHandling" name="test_422_validation_error_format" time="5.615" /><testcase classname="tests.test_middleware_api.TestExceptionHandling" name="test_401_unauthorized_format" time="5.641" /><testcase classname="tests.test_middleware_api.TestAPIResponseFormat" name="test_success_response_format" time="5.653" /><testcase classname="tests.test_middleware_api.TestAPIResponseFormat" name="test_error_response_format" time="5.674" /><testcase classname="tests.test_middleware_api.TestAPIResponseFormat" name="test_response_has_timestamp" time="5.631" /><testcase classname="tests.test_middleware_api.TestCORS" name="test_cors_headers_present" time="5.661" /><testcase classname="tests.test_middleware_api.TestCORS" name="test_cors_allowed_origin" time="5.700" /><testcase classname="tests.test_middleware_api.TestRequestValidation" name="test_content_length_validation" time="5.639" /><testcase classname="tests.test_middleware_api.TestRequestValidation" name="test_content_type_validation" time="5.610" /><testcase classname="tests.test_middleware_api.TestMiddlewareIntegration" name="test_full_request_pipeline" time="5.660" /><testcase classname="tests.test_middleware_api.TestMiddlewareIntegration" name="test_error_request_pipeline" time="5.616" /><testcase classname="tests.test_middleware_api.TestMiddlewareIntegration" name="test_concurrent_requests" time="5.649" /><testcase classname="tests.test_middleware_api.TestAPIDocumentation" name="test_openapi_json_available" time="5.655" /><testcase classname="tests.test_middleware_api.TestAPIDocumentation" name="test_swagger_ui_available" time="5.624" /><testcase classname="tests.test_middleware_api.TestAPIDocumentation" name="test_redoc_available" time="5.618" /><testcase classname="tests.test_middleware_api.TestAPIDocumentation" name="test_api_info_correct" time="5.657" /><testcase classname="tests.test_ocr_resource.TestOCRModelPool" name="test_model_pool_singleton" time="2.006" /><testcase classname="tests.test_ocr_resource.TestOCRModelPool" name="test_model_pool_configure" time="1.718" /><testcase classname="tests.test_ocr_resource.TestOCRModelPool" name="test_model_pool_status" time="1.734" /><testcase classname="tests.test_ocr_resource.TestOCRModelPool" name="test_model_pool_health_check" time="1.733" /><testcase classname="tests.test_ocr_resource.TestResourceMonitor" name="test_resource_monitor_singleton" time="1.479" /><testcase classname="tests.test_ocr_resource.TestResourceMonitor" name="test_take_snapshot" time="1.568" /><testcase classname="tests.test_ocr_resource.TestResourceMonitor" name="test_get_current_status" time="1.577" /><testcase classname="tests.test_ocr_resource.TestResourceMonitor" name="test_get_history" time="1.777" /><testcase classname="tests.test_ocr_resource.TestResourceMonitor" name="test_get_summary" time="1.473" /><testcase classname="tests.test_ocr_resource.TestOCRServiceStats" name="test_ocr_service_singleton" time="1.471" /><testcase classname="tests.test_ocr_resource.TestOCRServiceStats" name="test_ocr_service_stats" time="1.503" /><testcase classname="tests.test_ocr_resource.TestOCRServiceStats" name="test_ocr_model_pool_status" time="1.468" /><testcase classname="tests.test_ocr_resource.TestExecutorManager" name="test_executor_singleton" time="1.470" /><testcase classname="tests.test_ocr_resource.TestExecutorManager" name="test_executor_status" time="1.457" /><testcase classname="tests.test_ocr_resource.TestResourceLeakDetection" name="test_memory_stability" time="2.947" /><testcase classname="tests.test_ocr_resource.TestResourceLeakDetection" name="test_concurrent_snapshots" time="2.485" /><testcase classname="tests.test_ocr_resource.TestResourceReport" name="test_json_report_generation" time="1.593" /><testcase classname="tests.test_ocr_resource.TestResourceReport" name="test_html_report_generation" time="1.579" /><testcase classname="tests.test_ocr_resource.TestContinuousOCR" name="test_sequential_ocr_operations" time="4.248" /><testcase classname="tests.test_rag_integration.TestRAGClient" name="test_health_check_success" time="0.011" /><testcase classname="tests.test_rag_integration.TestRAGClient" name="test_health_check_failure" time="0.007" /><testcase classname="tests.test_rag_integration.TestRAGClient" name="test_check_service_availability_success" time="0.011" /><testcase classname="tests.test_rag_integration.TestRAGClient" name="test_check_service_availability_failure" time="0.011" /><testcase classname="tests.test_rag_integration.TestRAGClient" name="test_chat_success" time="0.011" /><testcase classname="tests.test_rag_integration.TestRAGClient" name="test_chat_404_fallback" time="0.008" /><testcase classname="tests.test_rag_integration.TestRAGClient" name="test_chat_exception_fallback" time="0.008" /><testcase classname="tests.test_rag_integration.TestRAGClient" name="test_calculate_score_success" time="0.009" /><testcase classname="tests.test_rag_integration.TestRAGClient" name="test_calculate_score_404_fallback" time="0.008" /><testcase classname="tests.test_rag_integration.TestRAGClient" name="test_list_documents_success" time="0.012" /><testcase classname="tests.test_rag_integration.TestRAGIntegrationE2E" name="test_rag_service_connectivity" time="0.318" /><testcase classname="tests.test_rag_integration.TestRAGIntegrationE2E" name="test_rag_chat_end_to_end" time="0.307"><skipped type="pytest.skip" message="RAG服务不可用">D:\PaddleOCR\visual_model\tests\test_rag_integration.py:283: RAG服务不可用</skipped></testcase><testcase classname="tests.test_rag_integration.TestRAGIntegrationE2E" name="test_rag_calculate_score_end_to_end" time="0.310"><skipped type="pytest.skip" message="RAG服务不可用">D:\PaddleOCR\visual_model\tests\test_rag_integration.py:322: RAG服务不可用</skipped></testcase><testcase classname="tests.test_rag_integration.TestRAGExceptionHandling" name="test_connection_refused_handling" time="2.300" /><testcase classname="tests.test_rag_integration.TestRAGExceptionHandling" name="test_timeout_handling" time="0.136" /><testcase classname="tests.test_rag_integration.TestRAGExceptionHandling" name="test_graceful_degradation" time="6.892" /><testcase classname="tests.test_rag_integration.TestAPICompatibility" name="test_route_compatibility" time="0.009" /><testcase classname="tests.test_rag_integration.TestAPICompatibility" name="test_required_routes_exist" time="0.007" /><testcase classname="tests.test_student_api.TestStudentProfile" name="test_get_student_profile" time="5.672" /><testcase classname="tests.test_student_api.TestStudentProfile" name="test_update_student_profile" time="5.652" /><testcase classname="tests.test_student_api.TestStudentScores" name="test_get_student_scores" time="5.726" /><testcase classname="tests.test_student_api.TestStudentScores" name="test_get_score_summary" time="5.652" /><testcase classname="tests.test_student_api.TestStudentCertificates" name="test_get_certificates" time="5.627" /><testcase classname="tests.test_student_api.TestStudentCertificates" name="test_upload_certificate" time="5.651" /><testcase classname="tests.test_student_api.TestStudentCertificates" name="test_delete_certificate" time="5.638" /><testcase classname="tests.test_student_api.TestComprehensiveScore" name="test_get_comprehensive_score" time="5.669" /><testcase classname="tests.test_student_api.TestComprehensiveScore" name="test_calculate_comprehensive_score" time="5.680" /><testcase classname="tests.test_student_api.TestStudentMaterials" name="test_get_materials" time="5.677" /><testcase classname="tests.test_student_api.TestStudentMaterials" name="test_upload_material" time="5.655" /><testcase classname="tests.test_teacher_api.TestTeacherClasses" name="test_get_teacher_classes" time="5.682" /><testcase classname="tests.test_teacher_api.TestTeacherClasses" name="test_get_class_students" time="5.674" /><testcase classname="tests.test_teacher_api.TestTeacherStudents" name="test_get_student_detail" time="5.628" /><testcase classname="tests.test_teacher_api.TestTeacherStudents" name="test_search_students" time="5.698" /><testcase classname="tests.test_teacher_api.TestTeacherScores" name="test_get_class_scores" time="5.663" /><testcase classname="tests.test_teacher_api.TestTeacherScores" name="test_get_class_stats" time="5.606" /><testcase classname="tests.test_teacher_api.TestTeacherScores" name="test_get_class_ranking" time="5.657" /><testcase classname="tests.test_teacher_api.TestTeacherCertificates" name="test_get_pending_certificates" time="5.684" /><testcase classname="tests.test_teacher_api.TestTeacherCertificates" name="test_approve_certificate" time="5.685" /><testcase classname="tests.test_teacher_api.TestTeacherCertificates" name="test_reject_certificate" time="5.671" /><testcase classname="tests.test_teacher_api.TestTeacherExport" name="test_export_class_scores" time="5.646" /><testcase classname="tests.test_teacher_api.TestTeacherExport" name="test_export_class_ranking" time="5.729" /></testsuite></testsuites>